current directory: /home/kashyap/development/musichall_rails/path/ruby/2.3.0/gems/mysql2-0.4.4/ext/mysql2
/home/kashyap/.rvm/rubies/ruby-2.3.0/bin/ruby -r ./siteconf20160425-17412-1ozirke.rb extconf.rb
checking for ruby/thread.h... yes
checking for rb_thread_call_without_gvl() in ruby/thread.h... yes
checking for rb_thread_blocking_region()... no
checking for rb_wait_for_single_fd()... yes
checking for rb_hash_dup()... yes
checking for rb_intern3()... yes
-----
Using mysql_config at /usr/bin/mysql_config
-----
checking for mysql.h... yes
checking for errmsg.h... yes
checking for mysqld_error.h... yes
-----
Setting libpath to /usr/lib
-----
creating Makefile

To see why this extension failed to compile, please check the mkmf.log which can be found here:

  /home/kashyap/development/musichall_rails/path/ruby/2.3.0/extensions/x86_64-linux/2.3.0/mysql2-0.4.4/mkmf.log

current directory: /home/kashyap/development/musichall_rails/path/ruby/2.3.0/gems/mysql2-0.4.4/ext/mysql2
make "DESTDIR=" clean

current directory: /home/kashyap/development/musichall_rails/path/ruby/2.3.0/gems/mysql2-0.4.4/ext/mysql2
make "DESTDIR="
compiling result.c
compiling statement.c
compiling mysql2_ext.c
compiling client.c
compiling infile.c
linking shared-object mysql2/mysql2.so

current directory: /home/kashyap/development/musichall_rails/path/ruby/2.3.0/gems/mysql2-0.4.4/ext/mysql2
make "DESTDIR=" install
/usr/bin/install -c -m 0755 mysql2.so ./.gem.20160425-17412-11cfof3/mysql2
